This is pdfTeX, Version 3.1415926-2.5-1.40.14 (MiKTeX 2.9 64-bit) (preloaded format=pdflatex 2014.12.17)  10 JAN 2015 17:09
entering extended mode
**extended-abstract.tex
(C:\Users\Joren\Git\VHDL\Thesis\LaTeX\extended-abstract.tex
LaTeX2e <2011/06/27>
Babel <v3.8m> and hyphenation patterns for english, afrikaans, ancientgreek, ar
abic, armenian, assamese, basque, bengali, bokmal, bulgarian, catalan, coptic, 
croatian, czech, danish, dutch, esperanto, estonian, farsi, finnish, french, ga
lician, german, german-x-2013-05-26, greek, gujarati, hindi, hungarian, iceland
ic, indonesian, interlingua, irish, italian, kannada, kurmanji, latin, latvian,
 lithuanian, malayalam, marathi, mongolian, mongolianlmc, monogreek, ngerman, n
german-x-2013-05-26, nynorsk, oriya, panjabi, pinyin, polish, portuguese, roman
ian, russian, sanskrit, serbian, slovak, slovenian, spanish, swedish, swissgerm
an, tamil, telugu, turkish, turkmen, ukenglish, ukrainian, uppersorbian, usengl
ishmax, welsh, loaded.
("C:\Program Files\MiKTeX 2.9\tex\latex\base\article.cls"
Document Class: article 2007/10/19 v1.4h Standard LaTeX document class
("C:\Program Files\MiKTeX 2.9\tex\latex\base\size10.clo"
File: size10.clo 2007/10/19 v1.4h Standard LaTeX file (size option)
)
\c@part=\count79
\c@section=\count80
\c@subsection=\count81
\c@subsubsection=\count82
\c@paragraph=\count83
\c@subparagraph=\count84
\c@figure=\count85
\c@table=\count86
\abovecaptionskip=\skip41
\belowcaptionskip=\skip42
\bibindent=\dimen102
)
(C:\Users\Joren\AppData\Roaming\MiKTeX\2.9\tex\latex\lipsum\lipsum.sty
Package: lipsum 2014/07/27 v1.3 150 paragraphs of Lorem Ipsum dummy text
\c@lips@count=\count87
)
("C:\Program Files\MiKTeX 2.9\tex\latex\psnfss\mathpazo.sty"
Package: mathpazo 2005/04/12 PSNFSS-v9.2a Palatino w/ Pazo Math (D.Puga, WaS) 
\symupright=\mathgroup4
)
("C:\Program Files\MiKTeX 2.9\tex\latex\base\fontenc.sty"
Package: fontenc 2005/09/27 v1.99g Standard LaTeX package

("C:\Program Files\MiKTeX 2.9\tex\latex\base\t1enc.def"
File: t1enc.def 2005/09/27 v1.99g Standard LaTeX file
LaTeX Font Info:    Redeclaring font encoding T1 on input line 43.
))
(C:\Users\Joren\AppData\Roaming\MiKTeX\2.9\tex\latex\microtype\microtype.sty
Package: microtype 2013/05/23 v2.5a Micro-typographical refinements (RS)

("C:\Program Files\MiKTeX 2.9\tex\latex\graphics\keyval.sty"
Package: keyval 1999/03/16 v1.13 key=value parser (DPC)
\KV@toks@=\toks14
)
\MT@toks=\toks15
\MT@count=\count88
LaTeX Info: Redefining \textls on input line 766.
\MT@outer@kern=\dimen103
LaTeX Info: Redefining \textmicrotypecontext on input line 1285.
\MT@listname@count=\count89

(C:\Users\Joren\AppData\Roaming\MiKTeX\2.9\tex\latex\microtype\microtype-pdftex
.def
File: microtype-pdftex.def 2013/05/23 v2.5a Definitions specific to pdftex (RS)

LaTeX Info: Redefining \lsstyle on input line 915.
LaTeX Info: Redefining \lslig on input line 915.
\MT@outer@space=\skip43
)
Package microtype Info: Loading configuration file microtype.cfg.

(C:\Users\Joren\AppData\Roaming\MiKTeX\2.9\tex\latex\microtype\microtype.cfg
File: microtype.cfg 2013/05/23 v2.5a microtype main configuration file (RS)
))
("C:\Program Files\MiKTeX 2.9\tex\latex\geometry\geometry.sty"
Package: geometry 2010/09/12 v5.6 Page Geometry

("C:\Program Files\MiKTeX 2.9\tex\generic\oberdiek\ifpdf.sty"
Package: ifpdf 2011/01/30 v2.3 Provides the ifpdf switch (HO)
Package ifpdf Info: pdfTeX in PDF mode is detected.
)
("C:\Program Files\MiKTeX 2.9\tex\generic\oberdiek\ifvtex.sty"
Package: ifvtex 2010/03/01 v1.5 Detect VTeX and its facilities (HO)
Package ifvtex Info: VTeX not detected.
)
("C:\Program Files\MiKTeX 2.9\tex\generic\ifxetex\ifxetex.sty"
Package: ifxetex 2010/09/12 v0.6 Provides ifxetex conditional
)
\Gm@cnth=\count90
\Gm@cntv=\count91
\c@Gm@tempcnt=\count92
\Gm@bindingoffset=\dimen104
\Gm@wd@mp=\dimen105
\Gm@odd@mp=\dimen106
\Gm@even@mp=\dimen107
\Gm@layoutwidth=\dimen108
\Gm@layoutheight=\dimen109
\Gm@layouthoffset=\dimen110
\Gm@layoutvoffset=\dimen111
\Gm@dimlist=\toks16

("C:\Program Files\MiKTeX 2.9\tex\latex\geometry\geometry.cfg"))
("C:\Program Files\MiKTeX 2.9\tex\latex\tools\multicol.sty"
Package: multicol 2011/06/27 v1.7a multicolumn formatting (FMi)
\c@tracingmulticols=\count93
\mult@box=\box26
\multicol@leftmargin=\dimen112
\c@unbalance=\count94
\c@collectmore=\count95
\doublecol@number=\count96
\multicoltolerance=\count97
\multicolpretolerance=\count98
\full@width=\dimen113
\page@free=\dimen114
\premulticols=\dimen115
\postmulticols=\dimen116
\multicolsep=\skip44
\multicolbaselineskip=\skip45
\partial@page=\box27
\last@line=\box28
\mult@rightbox=\box29
\mult@grightbox=\box30
\mult@gfirstbox=\box31
\mult@firstbox=\box32
\@tempa=\box33
\@tempa=\box34
\@tempa=\box35
\@tempa=\box36
\@tempa=\box37
\@tempa=\box38
\@tempa=\box39
\@tempa=\box40
\@tempa=\box41
\@tempa=\box42
\@tempa=\box43
\@tempa=\box44
\@tempa=\box45
\@tempa=\box46
\@tempa=\box47
\@tempa=\box48
\@tempa=\box49
\c@columnbadness=\count99
\c@finalcolumnbadness=\count100
\last@try=\dimen117
\multicolovershoot=\dimen118
\multicolundershoot=\dimen119
\mult@nat@firstbox=\box50
\colbreak@box=\box51
\multicol@sort@counter=\count101
)
(C:\Users\Joren\AppData\Roaming\MiKTeX\2.9\tex\latex\caption\caption.sty
Package: caption 2013/05/02 v3.3-89 Customizing captions (AR)

(C:\Users\Joren\AppData\Roaming\MiKTeX\2.9\tex\latex\caption\caption3.sty
Package: caption3 2013/05/02 v1.6-88 caption3 kernel (AR)
Package caption3 Info: TeX engine: e-TeX on input line 57.
\captionmargin=\dimen120
\captionmargin@=\dimen121
\captionwidth=\dimen122
\caption@tempdima=\dimen123
\caption@indent=\dimen124
\caption@parindent=\dimen125
\caption@hangindent=\dimen126
)
\c@ContinuedFloat=\count102
)
(C:\Users\Joren\AppData\Roaming\MiKTeX\2.9\tex\latex\booktabs\booktabs.sty
Package: booktabs 2005/04/14 v1.61803 publication quality tables
\heavyrulewidth=\dimen127
\lightrulewidth=\dimen128
\cmidrulewidth=\dimen129
\belowrulesep=\dimen130
\belowbottomsep=\dimen131
\aboverulesep=\dimen132
\abovetopsep=\dimen133
\cmidrulesep=\dimen134
\cmidrulekern=\dimen135
\defaultaddspace=\dimen136
\@cmidla=\count103
\@cmidlb=\count104
\@aboverulesep=\dimen137
\@belowrulesep=\dimen138
\@thisruleclass=\count105
\@lastruleclass=\count106
\@thisrulewidth=\dimen139
)
("C:\Program Files\MiKTeX 2.9\tex\latex\float\float.sty"
Package: float 2001/11/08 v1.3d Float enhancements (AL)
\c@float@type=\count107
\float@exts=\toks17
\float@box=\box52
\@float@everytoks=\toks18
\@floatcapt=\box53
)
(C:\Users\Joren\AppData\Roaming\MiKTeX\2.9\tex\latex\lettrine\lettrine.sty
File: lettrine.sty 2014/09/16 v1.70 (Daniel Flipo)
\c@DefaultLines=\count108
\c@DefaultDepth=\count109
\DefaultFindent=\dimen140
\DefaultNindent=\dimen141
\DefaultSlope=\dimen142
\L@lbox=\box54
\L@tbox=\box55
\c@L@lines=\count110
\c@L@depth=\count111
\L@Pindent=\dimen143
\L@Findent=\dimen144
\L@Nindent=\dimen145
\L@lraise=\dimen146
\L@first=\dimen147
\L@next=\dimen148
\L@slope=\dimen149
\L@height=\dimen150
\LettrineWidth=\dimen151
\LettrineHeight=\dimen152
\LettrineDepth=\dimen153

Loading lettrine.cfg
(C:\Users\Joren\AppData\Roaming\MiKTeX\2.9\tex\latex\lettrine\lettrine.cfg))
(C:\Users\Joren\AppData\Roaming\MiKTeX\2.9\tex\latex\paralist\paralist.sty
Package: paralist 2013/06/09 v2.4 Extended list environments
\pltopsep=\skip46
\plpartopsep=\skip47
\plitemsep=\skip48
\plparsep=\skip49
\pl@lab=\toks19
)
(C:\Users\Joren\AppData\Roaming\MiKTeX\2.9\tex\latex\biblatex\biblatex.sty
Package: biblatex 2014/06/25 v2.9a programmable bibliographies (PK/JW/AB)

(C:\Users\Joren\AppData\Roaming\MiKTeX\2.9\tex\latex\biblatex\biblatex2.sty
Package: biblatex2 2014/06/25 v2.9a programmable bibliographies (biber) (PK/JW/
AB)

(C:\Users\Joren\AppData\Roaming\MiKTeX\2.9\tex\latex\etoolbox\etoolbox.sty
Package: etoolbox 2011/01/03 v2.1 e-TeX tools for LaTeX

("C:\Program Files\MiKTeX 2.9\tex\latex\misc\etex.sty"
Package: etex 1998/03/26 v2.0 eTeX basic definition package (PEB)
\et@xins=\count112
)
\etb@tempcnta=\count113
)
("C:\Program Files\MiKTeX 2.9\tex\latex\oberdiek\kvoptions.sty"
Package: kvoptions 2011/06/30 v3.11 Key value format for package options (HO)

("C:\Program Files\MiKTeX 2.9\tex\generic\oberdiek\ltxcmds.sty"
Package: ltxcmds 2011/11/09 v1.22 LaTeX kernel commands for general use (HO)
)
("C:\Program Files\MiKTeX 2.9\tex\generic\oberdiek\kvsetkeys.sty"
Package: kvsetkeys 2012/04/25 v1.16 Key value parser (HO)

("C:\Program Files\MiKTeX 2.9\tex\generic\oberdiek\infwarerr.sty"
Package: infwarerr 2010/04/08 v1.3 Providing info/warning/error messages (HO)
)
("C:\Program Files\MiKTeX 2.9\tex\generic\oberdiek\etexcmds.sty"
Package: etexcmds 2011/02/16 v1.5 Avoid name clashes with e-TeX commands (HO)

("C:\Program Files\MiKTeX 2.9\tex\generic\oberdiek\ifluatex.sty"
Package: ifluatex 2010/03/01 v1.3 Provides the ifluatex switch (HO)
Package ifluatex Info: LuaTeX not detected.
)
Package etexcmds Info: Could not find \expanded.
(etexcmds)             That can mean that you are not using pdfTeX 1.50 or
(etexcmds)             that some package has redefined \expanded.
(etexcmds)             In the latter case, load this package earlier.
)))
(C:\Users\Joren\AppData\Roaming\MiKTeX\2.9\tex\latex\logreq\logreq.sty
Package: logreq 2010/08/04 v1.0 xml request logger
\lrq@indent=\count114

(C:\Users\Joren\AppData\Roaming\MiKTeX\2.9\tex\latex\logreq\logreq.def
File: logreq.def 2010/08/04 v1.0 logreq spec v1.0
))
("C:\Program Files\MiKTeX 2.9\tex\latex\base\ifthen.sty"
Package: ifthen 2001/05/26 v1.1c Standard LaTeX ifthen package (DPC)
)
(C:\Users\Joren\AppData\Roaming\MiKTeX\2.9\tex\latex\url\url.sty
\Urlmuskip=\muskip10
Package: url 2013/09/16  ver 3.4  Verb mode for urls, etc.
)
\c@tabx@nest=\count115
\c@listtotal=\count116
\c@listcount=\count117
\c@liststart=\count118
\c@liststop=\count119
\c@citecount=\count120
\c@citetotal=\count121
\c@multicitecount=\count122
\c@multicitetotal=\count123
\c@instcount=\count124
\c@maxnames=\count125
\c@minnames=\count126
\c@maxitems=\count127
\c@minitems=\count128
\c@citecounter=\count129
\c@savedcitecounter=\count130
\c@uniquelist=\count131
\c@uniquename=\count132
\c@refsection=\count133
\c@refsegment=\count134
\c@maxextratitle=\count135
\c@maxextratitleyear=\count136
\c@maxextrayear=\count137
\c@maxextraalpha=\count138
\c@abbrvpenalty=\count139
\c@highnamepenalty=\count140
\c@lownamepenalty=\count141
\c@maxparens=\count142
\c@parenlevel=\count143
\blx@tempcnta=\count144
\blx@tempcntb=\count145
\blx@tempcntc=\count146
\blx@maxsection=\count147
\blx@maxsegment@0=\count148
\blx@notetype=\count149
\blx@parenlevel@text=\count150
\blx@parenlevel@foot=\count151
\blx@sectionciteorder@0=\count152
\labelnumberwidth=\skip50
\labelalphawidth=\skip51
\biblabelsep=\skip52
\bibitemsep=\skip53
\bibnamesep=\skip54
\bibinitsep=\skip55
\bibparsep=\skip56
\bibhang=\skip57
\blx@bcfin=\read1
\blx@bcfout=\write3
\c@mincomprange=\count153
\c@maxcomprange=\count154
\c@mincompwidth=\count155
Package biblatex Info: Trying to load biblatex default data model...
Package biblatex Info: ... file 'blx-dm.def' found.

(C:\Users\Joren\AppData\Roaming\MiKTeX\2.9\tex\latex\biblatex\blx-dm.def)
Package biblatex Info: Trying to load biblatex style data model...
Package biblatex Info: ... file 'numeric.dbx' not found.
Package biblatex Info: Trying to load biblatex custom data model...
Package biblatex Info: ... file 'biblatex-dm.cfg' not found.
\c@afterword=\count156
\c@savedafterword=\count157
\c@annotator=\count158
\c@savedannotator=\count159
\c@author=\count160
\c@savedauthor=\count161
\c@bookauthor=\count162
\c@savedbookauthor=\count163
\c@commentator=\count164
\c@savedcommentator=\count165
\c@editor=\count166
\c@savededitor=\count167
\c@editora=\count168
\c@savededitora=\count169
\c@editorb=\count170
\c@savededitorb=\count171
\c@editorc=\count172
\c@savededitorc=\count173
\c@foreword=\count174
\c@savedforeword=\count175
\c@holder=\count176
\c@savedholder=\count177
\c@introduction=\count178
\c@savedintroduction=\count179
\c@namea=\count180
\c@savednamea=\count181
\c@nameb=\count182
\c@savednameb=\count183
\c@namec=\count184
\c@savednamec=\count185
\c@translator=\count186
\c@savedtranslator=\count187
\c@shortauthor=\count188
\c@savedshortauthor=\count189
\c@shorteditor=\count190
\c@savedshorteditor=\count191
\c@labelname=\count192
\c@savedlabelname=\count193
\c@institution=\count194
\c@savedinstitution=\count195
\c@lista=\count196
\c@savedlista=\count197
\c@listb=\count198
\c@savedlistb=\count199
\c@listc=\count200
\c@savedlistc=\count201
\c@listd=\count202
\c@savedlistd=\count203
\c@liste=\count204
\c@savedliste=\count205
\c@listf=\count206
\c@savedlistf=\count207
\c@location=\count208
\c@savedlocation=\count209
\c@organization=\count210
\c@savedorganization=\count211
\c@origlocation=\count212
\c@savedoriglocation=\count213
\c@origpublisher=\count214
\c@savedorigpublisher=\count215
\c@publisher=\count216
\c@savedpublisher=\count217
\c@language=\count218
\c@savedlanguage=\count219
\c@pageref=\count220
\c@savedpageref=\count221
\shorthandwidth=\skip58
\shortjournalwidth=\skip59
\shortserieswidth=\skip60
\shorttitlewidth=\skip61
\shortauthorwidth=\skip62
\shorteditorwidth=\skip63
Package biblatex Info: Trying to load compatibility code...
Package biblatex Info: ... file 'blx-compat.def' found.

(C:\Users\Joren\AppData\Roaming\MiKTeX\2.9\tex\latex\biblatex\blx-compat.def
File: blx-compat.def 2014/06/25 v2.9a biblatex compatibility (PK/JW/AB)
)
Package biblatex Info: Trying to load generic definitions...
Package biblatex Info: ... file 'biblatex.def' found.

(C:\Users\Joren\AppData\Roaming\MiKTeX\2.9\tex\latex\biblatex\biblatex.def
File: biblatex.def 
\c@textcitecount=\count222
\c@textcitetotal=\count223
\c@textcitemaxnames=\count224
\c@biburlnumpenalty=\count225
\c@biburlucpenalty=\count226
\c@biburllcpenalty=\count227
\c@smartand=\count228
)
Package biblatex Info: Trying to load bibliography style 'numeric'...
Package biblatex Info: ... file 'numeric.bbx' found.

(C:\Users\Joren\AppData\Roaming\MiKTeX\2.9\tex\latex\biblatex\bbx\numeric.bbx
File: numeric.bbx 2014/06/25 v2.9a biblatex bibliography style (PK/JW/AB)
Package biblatex Info: Trying to load bibliography style 'standard'...
Package biblatex Info: ... file 'standard.bbx' found.

(C:\Users\Joren\AppData\Roaming\MiKTeX\2.9\tex\latex\biblatex\bbx\standard.bbx
File: standard.bbx 2014/06/25 v2.9a biblatex bibliography style (PK/JW/AB)
\c@bbx:relatedcount=\count229
\c@bbx:relatedtotal=\count230
))
Package biblatex Info: Trying to load citation style 'numeric-comp'...
Package biblatex Info: ... file 'numeric-comp.cbx' found.

(C:\Users\Joren\AppData\Roaming\MiKTeX\2.9\tex\latex\biblatex\cbx\numeric-comp.
cbx
File: numeric-comp.cbx 2014/06/25 v2.9a biblatex citation style (PK/JW/AB)
\c@cbx@tempcnta=\count231
\c@cbx@tempcntb=\count232
Package biblatex Info: Redefining '\cite'.
Package biblatex Info: Redefining '\parencite'.
Package biblatex Info: Redefining '\footcite'.
Package biblatex Info: Redefining '\footcitetext'.
Package biblatex Info: Redefining '\smartcite'.
Package biblatex Info: Redefining '\supercite'.
Package biblatex Info: Redefining '\textcite'.
Package biblatex Info: Redefining '\textcites'.
Package biblatex Info: Redefining '\cites'.
Package biblatex Info: Redefining '\parencites'.
Package biblatex Info: Redefining '\smartcites'.
)
Package biblatex Info: Trying to load configuration file...
Package biblatex Info: ... file 'biblatex.cfg' found.
 (C:\Users\Joren\AppData\Roaming\MiKTeX\2.9\tex\latex\biblatex\biblatex.cfg
File: biblatex.cfg 
))) (C:\Users\Joren\AppData\Roaming\MiKTeX\2.9\tex\latex\abstract\abstract.sty
Package: abstract 2009/06/08 v1.2a configurable abstracts
\abstitleskip=\skip64
\absleftindent=\skip65
\absrightindent=\skip66
\absparindent=\skip67
\absparsep=\skip68
) (C:\Users\Joren\AppData\Roaming\MiKTeX\2.9\tex\latex\titlesec\titlesec.sty
Package: titlesec 2011/12/15 v2.10.0 Sectioning titles
\ttl@box=\box56
\beforetitleunit=\skip69
\aftertitleunit=\skip70
\ttl@plus=\dimen154
\ttl@minus=\dimen155
\ttl@toksa=\toks20
\titlewidth=\dimen156
\titlewidthlast=\dimen157
\titlewidthfirst=\dimen158
)
(C:\Users\Joren\AppData\Roaming\MiKTeX\2.9\tex\latex\titlesec\block.tss
File: block.tss 2011/12/15
)
(C:\Users\Joren\AppData\Roaming\MiKTeX\2.9\tex\latex\fancyhdr\fancyhdr.sty
\fancy@headwidth=\skip71
\f@ncyO@elh=\skip72
\f@ncyO@erh=\skip73
\f@ncyO@olh=\skip74
\f@ncyO@orh=\skip75
\f@ncyO@elf=\skip76
\f@ncyO@erf=\skip77
\f@ncyO@olf=\skip78
\f@ncyO@orf=\skip79
)
Package biblatex Info: Trying to load language 'english'...
Package biblatex Info: ... file 'english.lbx' found.

(C:\Users\Joren\AppData\Roaming\MiKTeX\2.9\tex\latex\biblatex\lbx\english.lbx
File: english.lbx 2014/06/25 v2.9a biblatex localization (PK/JW/AB)
)
\@quotelevel=\count233
Normal \count register pool exhausted, switching to extended pool.
\@quotereset=\count277

(C:\Users\Joren\Git\VHDL\Thesis\LaTeX\extended-abstract.aux)
LaTeX Font Info:    Checking defaults for OML/cmm/m/it on input line 61.
LaTeX Font Info:    ... okay on input line 61.
LaTeX Font Info:    Checking defaults for T1/cmr/m/n on input line 61.
LaTeX Font Info:    ... okay on input line 61.
LaTeX Font Info:    Checking defaults for OT1/cmr/m/n on input line 61.
LaTeX Font Info:    ... okay on input line 61.
LaTeX Font Info:    Checking defaults for OMS/cmsy/m/n on input line 61.
LaTeX Font Info:    ... okay on input line 61.
LaTeX Font Info:    Checking defaults for OMX/cmex/m/n on input line 61.
LaTeX Font Info:    ... okay on input line 61.
LaTeX Font Info:    Checking defaults for U/cmr/m/n on input line 61.
LaTeX Font Info:    ... okay on input line 61.
LaTeX Font Info:    Try loading font information for T1+pplx on input line 61.

("C:\Program Files\MiKTeX 2.9\tex\latex\psnfss\t1pplx.fd"
File: t1pplx.fd 2004/09/06 font definitions for T1/pplx.
)
\big@size=\dimen159
LaTeX Info: Redefining \microtypecontext on input line 61.
Package microtype Info: Generating PDF output.
Package microtype Info: Character protrusion enabled (level 2).
Package microtype Info: Using default protrusion set `alltext'.
Package microtype Info: Automatic font expansion enabled (level 2),
(microtype)             stretch: 20, shrink: 20, step: 1, non-selected.
Package microtype Info: Using default expansion set `basictext'.
Package microtype Info: No adjustment of tracking.
Package microtype Info: No adjustment of interword spacing.
Package microtype Info: No adjustment of character kerning.

(C:\Users\Joren\AppData\Roaming\MiKTeX\2.9\tex\latex\microtype\mt-ppl.cfg
File: mt-ppl.cfg 2005/11/16 v1.6 microtype config. file: Palatino (RS)
)
*geometry* driver: auto-detecting
*geometry* detected driver: pdftex
*geometry* verbose mode - [ preamble ] result:
* driver: pdftex
* paper: <default>
* layout: <same size as paper>
* layoutoffset:(h,v)=(0.0pt,0.0pt)
* hratio: 1:1
* modes: twoside 
* h-part:(L,W,R)=(92.14519pt, 430.00462pt, 92.14519pt)
* v-part:(T,H,B)=(91.04881pt, 608.5238pt, 95.39737pt)
* \paperwidth=614.295pt
* \paperheight=794.96999pt
* \textwidth=430.00462pt
* \textheight=608.5238pt
* \oddsidemargin=19.8752pt
* \evensidemargin=19.8752pt
* \topmargin=-18.22118pt
* \headheight=12.0pt
* \headsep=25.0pt
* \topskip=10.0pt
* \footskip=30.0pt
* \marginparwidth=121.0pt
* \marginparsep=11.0pt
* \columnsep=20.0pt
* \skip\footins=9.0pt plus 4.0pt minus 2.0pt
* \hoffset=0.0pt
* \voffset=0.0pt
* \mag=1000
* \@twocolumnfalse
* \@twosidetrue
* \@mparswitchtrue
* \@reversemarginfalse
* (1in=72.27pt=25.4mm, 1cm=28.453pt)

Package caption Info: Begin \AtBeginDocument code.
Package caption Info: float package is loaded.
Package caption Info: End \AtBeginDocument code.
Package biblatex Info: No input encoding detected.
(biblatex)             Assuming 'ascii'.
Package biblatex Info: Automatic encoding selection.
(biblatex)             Assuming data encoding 'ascii'.
Package biblatex Info: Trying to load bibliographic data...
Package biblatex Info: ... file 'extended-abstract.bbl' found.
(C:\Users\Joren\Git\VHDL\Thesis\LaTeX\extended-abstract.bbl)
Package biblatex Info: Reference section=0 on input line 61.
Package biblatex Info: Reference segment=0 on input line 61.
LaTeX Font Info:    Try loading font information for OT1+pplx on input line 64.


("C:\Program Files\MiKTeX 2.9\tex\latex\psnfss\ot1pplx.fd"
File: ot1pplx.fd 2004/09/06 font definitions for OT1/pplx.
)
LaTeX Font Info:    Try loading font information for OML+zplm on input line 64.


("C:\Program Files\MiKTeX 2.9\tex\latex\psnfss\omlzplm.fd"
File: omlzplm.fd 2002/09/08 Fontinst v1.914 font definitions for OML/zplm.
)
LaTeX Font Info:    Try loading font information for OMS+zplm on input line 64.


("C:\Program Files\MiKTeX 2.9\tex\latex\psnfss\omszplm.fd"
File: omszplm.fd 2002/09/08 Fontinst v1.914 font definitions for OMS/zplm.
)
LaTeX Font Info:    Try loading font information for OMX+zplm on input line 64.


("C:\Program Files\MiKTeX 2.9\tex\latex\psnfss\omxzplm.fd"
File: omxzplm.fd 2002/09/08 Fontinst v1.914 font definitions for OMX/zplm.
)
LaTeX Font Info:    Try loading font information for OT1+zplm on input line 64.


("C:\Program Files\MiKTeX 2.9\tex\latex\psnfss\ot1zplm.fd"
File: ot1zplm.fd 2002/09/08 Fontinst v1.914 font definitions for OT1/zplm.
)
Package microtype Info: Loading generic settings for font family
(microtype)             `zplm' (encoding: OT1).
(microtype)             For optimal results, create family-specific settings.
(microtype)             See the microtype manual for details.
LaTeX Font Info:    Font shape `T1/pplx/bx/n' in size <10> not available
(Font)              Font shape `T1/pplx/b/n' tried instead on input line 89.
LaTeX Font Info:    Font shape `T1/pplx/bx/it' in size <10> not available
(Font)              Font shape `T1/pplx/b/it' tried instead on input line 89.

Underfull \hbox (badness 10000) in paragraph at lines 89--90
[]\T1/pplx/b/it/10 Abstract\T1/pplx/b/n/10 -- The VH-SIC Hard-ware
 []


Underfull \hbox (badness 6332) in paragraph at lines 89--90
\T1/pplx/b/n/10 elec-tron-ics. This pa-per ex-plores the
 []


Underfull \hbox (badness 6575) in paragraph at lines 89--90
\T1/pplx/b/n/10 uses VHDL. Bor-row-ing el-e-ments from
 []


Underfull \hbox (badness 10000) in paragraph at lines 89--90

 []


Underfull \hbox (badness 6961) in paragraph at lines 89--90
\T1/pplx/b/it/10 Index terms\T1/pplx/b/n/10 --VHDL, TDD, unit test-ing,
 []

Package microtype Info: Character `029' is missing
(microtype)             in font `T1/pplx/m/sc/12'.
(microtype)             Ignoring protrusion settings for this character.
Package microtype Info: Character `029' is missing
(microtype)             in font `T1/pplx/m/sc/10'.
(microtype)             Ignoring protrusion settings for this character.
LaTeX Font Info:    Try loading font information for OMS+pplx on input line 107
.
LaTeX Font Info:    No file OMSpplx.fd. on input line 107.

LaTeX Font Warning: Font shape `OMS/pplx/m/n' undefined
(Font)              using `OMS/cmsy/m/n' instead
(Font)              for symbol `textbullet' on input line 107.

LaTeX Font Info:    Font shape `T1/pplx/m/sl' in size <10> not available
(Font)              Font shape `T1/pplx/m/it' tried instead on input line 117.
[4

{C:/Users/Joren/AppData/Local/MiKTeX/2.9/pdftex/config/pdftex.map}]
Package microtype Info: Character `029' is missing
(microtype)             in font `T1/pplx/m/sc/8'.
(microtype)             Ignoring protrusion settings for this character.
LaTeX Font Info:    Try loading font information for T1+cmtt on input line 140.


("C:\Program Files\MiKTeX 2.9\tex\latex\base\t1cmtt.fd"
File: t1cmtt.fd 1999/05/25 v2.5h Standard LaTeX font definitions
)
Package microtype Info: Loading generic settings for font family
(microtype)             `cmtt' (encoding: T1).
(microtype)             For optimal results, create family-specific settings.
(microtype)             See the microtype manual for details.
 [5]
(C:\Users\Joren\Git\VHDL\Thesis\LaTeX\extended-abstract.aux)

LaTeX Font Warning: Some font shapes were not available, defaults substituted.

Package logreq Info: Writing requests to 'extended-abstract.run.xml'.
 ) 
Here is how much of TeX's memory you used:
 10552 strings out of 493921
 176207 string characters out of 3147281
 699050 words of memory out of 3000000
 13497 multiletter control sequences out of 15000+200000
 63086 words of font info for 214 fonts, out of 3000000 for 9000
 841 hyphenation exceptions out of 8191
 44i,10n,49p,848b,1242s stack positions out of 5000i,500n,10000p,200000b,50000s
 <C:\Users\Joren\AppData\Local\MiKTeX\2.9\fonts\pk\ljfour\jknappen\ec\dpi600\
ectt0800.pk>{C:/Program Files/MiKTeX 2.9/fonts/enc/dvips/fontname/8r.enc}<C:/Pr
ogram Files/MiKTeX 2.9/fonts/type1/public/amsfonts/cm/cmsy10.pfb><C:/Users/Jore
n/AppData/Roaming/MiKTeX/2.9/fonts/type1/public/fpl/fplrc8a.pfb><C:/Program Fil
es/MiKTeX 2.9/fonts/type1/urw/palatino/uplb8a.pfb><C:/Program Files/MiKTeX 2.9/
fonts/type1/urw/palatino/uplbi8a.pfb><C:/Program Files/MiKTeX 2.9/fonts/type1/u
rw/palatino/uplr8a.pfb><C:/Program Files/MiKTeX 2.9/fonts/type1/urw/palatino/up
lri8a.pfb>
Output written on extended-abstract.pdf (2 pages, 102634 bytes).
PDF statistics:
 73 PDF objects out of 1000 (max. 8388607)
 0 named destinations out of 1000 (max. 500000)
 57345 words of extra memory for PDF output out of 61914 (max. 10000000)

